# JRE version: OpenJDK Runtime Environment Temurin-25.0.2+10 (25.0.2+10) (build 25.0.2+10-LTS)
# Java VM: OpenJDK 64-Bit Server VM Temurin-25.0.2+10 (25.0.2+10-LTS, mixed mode, sharing, tiered, compressed oops, compressed class ptrs, g1 gc, windows-amd64)
GC Precious Log:
 CardTable entry size: 512
 Card Set container configuration: InlinePtr #cards 5 size 8 Array Of Cards #cards 10 size 36 Howl #buckets 4 coarsen threshold 1843 Howl Bitmap #cards 512 size 80 coarsen threshold 460 Card regions per heap region 1 cards per card region 2048
 CPUs: 12 total, 12 available
 Memory: 7381M
 Large Page Support: Disabled
 NUMA Support: Disabled
 Compressed Oops: Enabled (32-bit)
 Heap Region Size: 1M
 Heap Min Capacity: 8M
 Heap Initial Capacity: 116M
 Heap Max Capacity: 1G
 Pre-touch: Disabled
 Parallel Workers: 10
 Concurrent Workers: 3
 Concurrent Refinement Workers: 10
 Periodic GC: Disabled
Heap:
 garbage-first heap   total reserved 1048576K, committed 116736K, used 51120K [0x00000000c0000000, 0x0000000100000000)
  region size 1024K, 1 young (1024K), 0 survivors (0K)
GC Heap Usage History (20 events):
Event: 1617.568 {heap After GC invocations=205 (full 135):
 garbage-first heap   total reserved 1048576K, committed 116736K, used 51120K [0x00000000c0000000, 0x0000000100000000)
  region size 1024K, 0 young (0K), 0 survivors (0K)
}
Event: 1628.207 {heap Before GC invocations=205 (full 135):
 garbage-first heap   total reserved 1048576K, committed 116736K, used 51120K [0x00000000c0000000, 0x0000000100000000)
  region size 1024K, 1 young (1024K), 0 survivors (0K)
}
Event: 1628.424 {heap After GC invocations=206 (full 136):
 garbage-first heap   total reserved 1048576K, committed 116736K, used 51120K [0x00000000c0000000, 0x0000000100000000)
  region size 1024K, 0 young (0K), 0 survivors (0K)
}
Event: 1638.724 {heap Before GC invocations=206 (full 136):
 garbage-first heap   total reserved 1048576K, committed 116736K, used 51120K [0x00000000c0000000, 0x0000000100000000)
  region size 1024K, 1 young (1024K), 0 survivors (0K)
}
Event: 1638.806 {heap After GC invocations=207 (full 137):
 garbage-first heap   total reserved 1048576K, committed 116736K, used 51120K [0x00000000c0000000, 0x0000000100000000)
  region size 1024K, 0 young (0K), 0 survivors (0K)
}
Event: 1649.065 {heap Before GC invocations=207 (full 137):
 garbage-first heap   total reserved 1048576K, committed 116736K, used 51120K [0x00000000c0000000, 0x0000000100000000)
  region size 1024K, 1 young (1024K), 0 survivors (0K)
}
Event: 1649.147 {heap After GC invocations=208 (full 138):
 garbage-first heap   total reserved 1048576K, committed 116736K, used 51120K [0x00000000c0000000, 0x0000000100000000)
  region size 1024K, 0 young (0K), 0 survivors (0K)
}
Event: 1659.602 {heap Before GC invocations=208 (full 138):
 garbage-first heap   total reserved 1048576K, committed 116736K, used 51120K [0x00000000c0000000, 0x0000000100000000)
  region size 1024K, 1 young (1024K), 0 survivors (0K)
}
Event: 1659.748 {heap After GC invocations=209 (full 139):
 garbage-first heap   total reserved 1048576K, committed 116736K, used 51120K [0x00000000c0000000, 0x0000000100000000)
  region size 1024K, 0 young (0K), 0 survivors (0K)
}
Event: 1670.024 {heap Before GC invocations=209 (full 139):
 garbage-first heap   total reserved 1048576K, committed 116736K, used 51120K [0x00000000c0000000, 0x0000000100000000)
  region size 1024K, 1 young (1024K), 0 survivors (0K)
}
Event: 1670.117 {heap After GC invocations=210 (full 140):
 garbage-first heap   total reserved 1048576K, committed 116736K, used 51120K [0x00000000c0000000, 0x0000000100000000)
  region size 1024K, 0 young (0K), 0 survivors (0K)
}
Event: 1680.423 {heap Before GC invocations=210 (full 140):
 garbage-first heap   total reserved 1048576K, committed 116736K, used 51120K [0x00000000c0000000, 0x0000000100000000)
  region size 1024K, 1 young (1024K), 0 survivors (0K)
}
Event: 1680.510 {heap After GC invocations=211 (full 141):
 garbage-first heap   total reserved 1048576K, committed 116736K, used 51120K [0x00000000c0000000, 0x0000000100000000)
  region size 1024K, 0 young (0K), 0 survivors (0K)
}
Event: 1690.945 {heap Before GC invocations=211 (full 141):
 garbage-first heap   total reserved 1048576K, committed 116736K, used 51120K [0x00000000c0000000, 0x0000000100000000)
  region size 1024K, 1 young (1024K), 0 survivors (0K)
}
Event: 1691.054 {heap After GC invocations=212 (full 142):
 garbage-first heap   total reserved 1048576K, committed 116736K, used 51120K [0x00000000c0000000, 0x0000000100000000)
  region size 1024K, 0 young (0K), 0 survivors (0K)
}
Event: 1701.628 {heap Before GC invocations=212 (full 142):
 garbage-first heap   total reserved 1048576K, committed 116736K, used 51120K [0x00000000c0000000, 0x0000000100000000)
  region size 1024K, 1 young (1024K), 0 survivors (0K)
}
Event: 1702.470 {heap After GC invocations=213 (full 143):
 garbage-first heap   total reserved 1048576K, committed 116736K, used 51120K [0x00000000c0000000, 0x0000000100000000)
  region size 1024K, 0 young (0K), 0 survivors (0K)
}
Event: 1712.721 {heap Before GC invocations=213 (full 143):
 garbage-first heap   total reserved 1048576K, committed 116736K, used 51120K [0x00000000c0000000, 0x0000000100000000)
  region size 1024K, 1 young (1024K), 0 survivors (0K)
}
Event: 1712.799 {heap After GC invocations=214 (full 144):
 garbage-first heap   total reserved 1048576K, committed 116736K, used 51120K [0x00000000c0000000, 0x0000000100000000)
  region size 1024K, 0 young (0K), 0 survivors (0K)
}
Event: 1732.838 {heap Before GC invocations=214 (full 144):
 garbage-first heap   total reserved 1048576K, committed 116736K, used 51120K [0x00000000c0000000, 0x0000000100000000)
  region size 1024K, 1 young (1024K), 0 survivors (0K)
}

